t=      0  699.97  699.97  699.97  699.97  699.97    0.00    699.97    -3000.00  100.00
t=    500  696.24  695.96  697.13  697.04  689.43    0.00    696.24    -3100.00  100.00
t=   1000  696.14  694.24  692.46  691.06  659.49    0.00    696.14    -3200.00  100.00
t=   1500  696.54  695.37  691.98  687.36  613.47    0.00    696.54    -3300.00  100.00
t=   2000  696.41  695.45  692.44  686.38  559.13    0.00    696.41    -3400.00  100.00
t=   2500  696.11  695.14  691.70  683.20  503.94    0.00    696.11    -3500.00  100.00
t=   3000  695.82  694.56  689.64  678.24  448.01    0.00    695.82    -3600.00  100.00
t=   3500  695.44  693.78  687.50  673.36  388.23    0.00    695.44    -3700.00  100.00
t=   4000  695.06  693.13  685.85  669.15  321.35    0.00    695.06    -3800.00  100.00
t=   4500  694.73  692.66  684.57  665.22  244.10    0.00    694.73    -3900.00  100.00
t=   5000  694.41  692.21  683.27  660.97  152.54    0.00    694.41    -4000.00  100.00
t=   5500  694.05  691.69  681.76  656.05   42.45    0.00    694.05    -4100.00  100.00
t=   6000  693.67  691.11  680.02  650.41  -88.53    0.00    693.67    -4200.00  100.00
t=   6500  693.27  690.49  678.10  644.18 -236.21    0.00    693.27    -4300.00  100.00
t=   7000  692.85  689.82  675.88  637.26 -384.96    0.00    692.85    -4400.00  100.00
t=   7500  692.40  689.04  672.91  628.80 -509.83    0.00    692.40    -4500.00  100.00
t=   8000  691.91  687.97  668.30  616.81 -589.17    0.00    691.91    -4600.00  100.00
t=   8500  691.31  686.40  661.13  599.25 -616.11    0.00    691.31    -4700.00  100.00
t=   9000  690.56  684.21  651.64  577.96 -600.15    0.00    690.56    -4800.00  100.00
t=   9500  689.67  681.73  642.70  560.74 -563.29    0.00    689.67    -4900.00  100.00
t=  10000  688.82  679.92  638.45  555.01 -529.37    0.00    688.82    -5000.00  100.00
t=  10500  688.26  679.51  640.08  560.73 -510.77    0.00    688.26    -5100.00  100.00
t=  11000  687.97  680.10  644.84  571.68 -506.48    0.00    687.97    -5200.00  100.00
t=  11500  687.71  680.67  648.93  580.74 -509.58    0.00    687.71    -5300.00  100.00
t=  12000  687.27  680.54  650.02  583.69 -514.26    0.00    687.27    -5400.00  100.00
t=  12500  686.64  679.62  647.76  579.95 -518.25    0.00    686.64    -5500.00  100.00
t=  13000  685.87  678.12  643.00  571.30 -521.75    0.00    685.87    -5600.00  100.00
t=  13500  685.01  676.24  637.03  560.02 -525.54    0.00    685.01    -5700.00  100.00
t=  14000  684.06  673.98  630.62  547.79 -529.75    0.00    684.06    -5800.00  100.00
t=  14500  682.94  671.48  624.12  535.21 -533.82    0.00    682.94    -5900.00  100.00
t=  15000  681.41  668.90  617.55  522.21 -537.09    0.00    681.41    -6000.00  100.00
t=  15500  679.22  666.15  610.60  508.32 -539.29    0.00    679.22    -6100.00  100.00
t=  16000  677.58  663.33  602.68  492.78 -540.73    0.00    677.58    -6200.00  100.00
t=  16500  675.65  660.64  593.30  474.68 -542.05    0.00    675.65    -6300.00  100.00
t=  17000  673.52  657.73  581.46  452.78 -543.78    0.00    673.52    -6400.00  100.00
t=  17500  672.24  654.60  565.86  425.15 -546.22    0.00    672.24    -6500.00  100.00
t=  18000  670.92  650.66  544.45  389.93 -549.68    0.00    670.92    -6600.00  100.00
t=  18500  669.46  645.38  514.59  344.74 -554.20    0.00    669.46    -6700.00  100.00
t=  19000  667.62  637.80  472.81  288.25 -560.15    0.00    667.62    -6800.00  100.00
t=  19500  664.52  626.40  416.48  220.65 -567.88    0.00    664.52    -6900.00  100.00
t=  20000  659.49  608.75  345.68  144.04 -577.37    0.00    659.49    -7000.00  100.00
t=  20500  649.81  581.39  263.86   61.33 -587.88    0.00    649.81    -7100.00  100.00
t=  21000  633.82  540.42  174.70  -24.42 -598.31    0.00    633.82    -7200.00  100.00
t=  21500  607.17  484.55   81.82 -111.71 -607.81    0.00    607.17    -7300.00  100.00
t=  22000  564.80  413.84  -12.59 -199.59 -616.56    0.00    564.80    -7400.00  100.00
t=  22500  507.91  331.19 -109.98 -287.06 -624.85    0.00    507.91    -7500.00  100.00
t=  23000  432.83  240.70 -210.96 -370.20 -633.27    0.00    432.83    -7600.00  100.00
t=  23500  348.62  145.07 -307.37 -447.09 -640.96    0.00    348.62    -7700.00  100.00
t=  24000  253.84   44.68 -395.03 -513.40 -647.58    0.00    253.84    -7800.00  100.00
t=  24500  156.61  -61.09 -474.31 -568.78 -652.15    0.00    156.61    -7900.00  100.00
t=  25000   58.66 -166.17 -542.19 -611.76 -655.92    0.00     58.66    -8000.00  100.00
t=  25500  -43.48 -268.87 -594.19 -641.63 -658.76    0.00    -43.48    -8100.00  100.00
t=  26000 -156.33 -362.24 -631.04 -660.03 -660.04    0.00   -156.33    -8200.00  100.00
t=  26500 -254.04 -449.80 -654.16 -669.75 -660.24    0.00   -254.04    -8300.00  100.00
t=  27000 -348.65 -521.06 -664.29 -675.34 -660.13    0.00   -348.65    -8400.00  100.00
t=  27500 -436.18 -579.98 -672.11 -678.46 -659.63    0.00   -436.18    -8500.00  100.00
t=  28000 -509.96 -619.95 -677.98 -682.16 -659.52    0.00   -509.96    -8600.00  100.00
t=  28500 -572.56 -647.68 -682.60 -683.63 -659.99    0.00   -572.56    -8700.00  100.00
t=  29000 -617.94 -662.18 -685.49 -684.67 -659.55    0.00   -617.94    -8800.00  100.00
t=  29500 -652.51 -672.29 -686.27 -684.35 -659.21    0.00   -652.51    -8900.00  100.00
t=  30000 -666.92 -679.71 -686.36 -684.44 -658.62    0.00   -666.92    -9000.00  100.00
t=  30500 -673.60 -683.74 -686.40 -684.21 -658.45    0.00   -673.60    -9100.00  100.00
t=  31000 -680.34 -686.49 -686.54 -684.18 -658.07    0.00   -680.34    -9200.00  100.00
t=  31500 -682.75 -687.88 -686.59 -684.11 -657.76    0.00   -682.75    -9300.00  100.00
t=  32000 -686.79 -688.00 -686.27 -683.81 -657.51    0.00   -686.79    -9400.00  100.00
t=  32500 -689.63 -688.23 -686.18 -683.68 -657.06    0.00   -689.63    -9500.00  100.00
t=  33000 -689.75 -688.33 -686.03 -683.48 -656.78    0.00   -689.75    -9600.00  100.00
t=  33500 -689.61 -688.23 -685.82 -683.25 -656.47    0.00   -689.61    -9700.00  100.00
t=  34000 -689.46 -688.07 -685.66 -683.08 -656.11    0.00   -689.46    -9800.00  100.00
t=  34500 -689.31 -687.90 -685.47 -682.88 -655.81    0.00   -689.31    -9900.00  100.00
t=  35000 -689.16 -687.74 -685.28 -682.68 -655.49    0.00   -689.16   -10000.00  100.00
t=  35500 -689.01 -687.57 -685.10 -682.48 -655.18    0.00   -689.01   -10100.00  100.00
t=  36000 -688.86 -687.41 -684.92 -682.28 -654.87    0.00   -688.86   -10200.00  100.00
t=  36500 -688.71 -687.24 -684.73 -682.08 -654.56    0.00   -688.71   -10300.00  100.00
t=  37000 -688.56 -687.08 -684.55 -681.89 -654.25    0.00   -688.56   -10400.00  100.00
t=  37500 -688.41 -686.92 -684.37 -681.69 -653.95    0.00   -688.41   -10500.00  100.00
t=  38000 -688.26 -686.75 -684.18 -681.49 -653.66    0.00   -688.26   -10600.00  100.00
t=  38500 -688.11 -686.59 -684.00 -681.30 -653.36    0.00   -688.11   -10700.00  100.00
t=  39000 -687.96 -686.43 -683.82 -681.10 -653.07    0.00   -687.96   -10800.00  100.00
t=  39500 -687.81 -686.26 -683.64 -680.91 -652.78    0.00   -687.81   -10900.00  100.00
t=  40000 -687.66 -686.10 -683.46 -680.71 -652.49    0.00   -687.66   -11000.00  100.00
t=  40500 -687.51 -685.94 -683.27 -680.52 -652.21    0.00   -687.51   -11100.00  100.00
t=  41000 -687.36 -685.77 -683.09 -680.32 -651.93    0.00   -687.36   -11200.00  100.00
t=  41500 -687.21 -685.61 -682.91 -680.13 -651.65    0.00   -687.21   -11300.00  100.00
t=  42000 -687.06 -685.45 -682.73 -679.94 -651.38    0.00   -687.06   -11400.00  100.00
t=  42500 -686.91 -685.28 -682.55 -679.75 -651.11    0.00   -686.91   -11500.00  100.00
t=  43000 -686.76 -685.12 -682.37 -679.56 -650.84    0.00   -686.76   -11600.00  100.00
t=  43500 -686.61 -684.96 -682.20 -679.37 -650.58    0.00   -686.61   -11700.00  100.00
t=  44000 -686.46 -684.80 -682.02 -679.18 -650.31    0.00   -686.46   -11800.00  100.00
t=  44500 -686.31 -684.64 -681.84 -678.99 -650.05    0.00   -686.31   -11900.00  100.00
t=  45000 -686.16 -684.47 -681.66 -678.80 -649.79    0.00   -686.16   -12000.00  100.00
t=  45500 -686.01 -684.31 -681.48 -678.61 -649.54    0.00   -686.01   -12100.00  100.00
t=  46000 -685.86 -684.15 -681.31 -678.43 -649.29    0.00   -685.86   -12200.00  100.00
t=  46500 -685.72 -683.99 -681.13 -678.24 -649.04    0.00   -685.72   -12300.00  100.00
t=  47000 -685.57 -683.83 -680.95 -678.05 -648.79    0.00   -685.57   -12400.00  100.00
t=  47500 -685.42 -683.67 -680.78 -677.87 -648.54    0.00   -685.42   -12500.00  100.00
t=  48000 -685.27 -683.51 -680.60 -677.68 -648.30    0.00   -685.27   -12600.00  100.00
t=  48500 -685.12 -683.35 -680.43 -677.50 -648.06    0.00   -685.12   -12700.00  100.00
t=  49000 -684.97 -683.19 -680.25 -677.32 -647.82    0.00   -684.97   -12800.00  100.00
t=  49500 -684.83 -683.03 -680.08 -677.14 -647.59    0.00   -684.83   -12900.00  100.00
t=  50000 -684.68 -682.87 -679.90 -676.95 -647.35    0.00   -684.68   -13000.00  100.00
t=  50500 -684.53 -682.71 -679.73 -676.77 -647.12    0.00   -684.53   -13100.00  100.00
t=  51000 -684.38 -682.55 -679.56 -676.59 -646.89    0.00   -684.38   -13200.00  100.00
t=  51500 -684.24 -682.39 -679.39 -676.41 -646.67    0.00   -684.24   -13300.00  100.00
t=  52000 -684.09 -682.23 -679.21 -676.23 -646.44    0.00   -684.09   -13400.00  100.00
t=  52500 -683.94 -682.08 -679.04 -676.05 -646.22    0.00   -683.94   -13500.00  100.00
t=  53000 -683.79 -681.92 -678.87 -675.87 -646.00    0.00   -683.79   -13600.00  100.00
t=  53500 -683.65 -681.76 -678.70 -675.70 -645.78    0.00   -683.65   -13700.00  100.00
t=  54000 -683.50 -681.60 -678.53 -675.52 -645.57    0.00   -683.50   -13800.00  100.00
t=  54500 -683.36 -681.45 -678.36 -675.34 -645.35    0.00   -683.36   -13900.00  100.00
t=  55000 -683.21 -681.29 -678.19 -675.17 -645.14    0.00   -683.21   -14000.00  100.00
t=  55500 -683.06 -681.14 -678.02 -674.99 -644.93    0.00   -683.06   -14100.00  100.00
t=  56000 -682.92 -680.98 -677.86 -674.82 -644.72    0.00   -682.92   -14200.00  100.00
t=  56500 -682.77 -680.82 -677.69 -674.64 -644.52    0.00   -682.77   -14300.00  100.00
t=  57000 -682.63 -680.67 -677.52 -674.47 -644.32    0.00   -682.63   -14400.00  100.00
t=  57500 -682.48 -680.51 -677.35 -674.30 -644.11    0.00   -682.48   -14500.00  100.00
t=  58000 -682.34 -680.36 -677.19 -674.13 -643.91    0.00   -682.34   -14600.00  100.00
t=  58500 -682.19 -680.21 -677.02 -673.96 -643.72    0.00   -682.19   -14700.00  100.00
t=  59000 -682.05 -680.05 -676.86 -673.79 -643.52    0.00   -682.05   -14700.00  100.00
t=  59500 -682.06 -680.11 -676.89 -673.80 -643.54    0.00   -682.06   -14700.00  100.00
Run time: 402.160902

