t=      0  699.97  699.97  699.97  699.97  699.97    0.00    699.97    -3000.00  100.00
t=    500  696.24  695.96  697.13  697.03  689.43    0.00    696.24    -3100.00  100.00
t=   1000  696.14  694.24  692.47  691.04  659.46    0.00    696.14    -3200.00  100.00
t=   1500  696.54  695.38  691.87  687.52  613.34    0.00    696.54    -3300.00  100.00
t=   2000  696.41  695.42  692.33  686.59  559.07    0.00    696.41    -3400.00  100.00
t=   2500  696.10  695.11  691.53  683.47  504.02    0.00    696.10    -3500.00  100.00
t=   3000  695.82  694.53  689.41  678.62  448.30    0.00    695.82    -3600.00  100.00
t=   3500  695.43  693.74  687.21  673.86  388.85    0.00    695.43    -3700.00  100.00
t=   4000  695.05  693.08  685.53  669.77  322.46    0.00    695.05    -3800.00  100.00
t=   4500  694.72  692.61  684.21  665.97  245.87    0.00    694.72    -3900.00  100.00
t=   5000  694.40  692.16  682.87  661.88  155.19    0.00    694.40    -4000.00  100.00
t=   5500  694.04  691.63  681.30  657.13   46.17    0.00    694.04    -4100.00  100.00
t=   6000  693.66  691.04  679.51  651.70  -83.68    0.00    693.66    -4200.00  100.00
t=   6500  693.26  690.41  677.53  645.72 -230.55    0.00    693.26    -4300.00  100.00
t=   7000  692.84  689.74  675.26  639.13 -379.36    0.00    692.84    -4400.00  100.00
t=   7500  692.39  688.94  672.24  631.18 -505.46    0.00    692.39    -4500.00  100.00
t=   8000  691.89  687.87  667.60  620.01 -586.90    0.00    691.89    -4600.00  100.00
t=   8500  691.29  686.29  660.41  603.67 -616.14    0.00    691.29    -4700.00  100.00
t=   9000  690.54  684.09  650.91  583.72 -601.90    0.00    690.54    -4800.00  100.00
t=   9500  689.65  681.61  642.01  567.38 -565.49    0.00    689.65    -4900.00  100.00
t=  10000  688.81  679.82  637.82  561.82 -530.71    0.00    688.81    -5000.00  100.00
t=  10500  688.25  679.43  639.56  567.22 -510.68    0.00    688.25    -5100.00  100.00
t=  11000  687.96  680.05  644.45  577.71 -505.20    0.00    687.96    -5200.00  100.00
t=  11500  687.70  680.64  648.63  586.39 -507.75    0.00    687.70    -5300.00  100.00
t=  12000  687.27  680.51  649.77  589.12 -512.54    0.00    687.27    -5400.00  100.00
t=  12500  686.63  679.59  647.51  585.33 -517.06    0.00    686.63    -5500.00  100.00
t=  13000  685.86  678.08  642.66  576.77 -521.21    0.00    685.86    -5600.00  100.00
t=  13500  684.99  676.21  636.53  565.73 -525.51    0.00    684.99    -5700.00  100.00
t=  14000  684.06  674.02  630.00  553.85 -529.96    0.00    684.06    -5800.00  100.00
t=  14500  682.99  671.54  623.34  541.82 -533.99    0.00    682.99    -5900.00  100.00
t=  15000  681.62  669.00  616.65  529.64 -537.05    0.00    681.62    -6000.00  100.00
t=  15500  679.56  666.35  609.81  516.98 -539.02    0.00    679.56    -6100.00  100.00
t=  16000  677.75  663.46  602.31  503.20 -540.23    0.00    677.75    -6200.00  100.00
t=  16500  676.13  660.70  593.62  487.37 -541.30    0.00    676.13    -6300.00  100.00
t=  17000  673.82  657.86  582.94  468.43 -542.77    0.00    673.82    -6400.00  100.00
t=  17500  672.22  654.77  568.89  444.56 -544.84    0.00    672.22    -6500.00  100.00
t=  18000  670.91  651.24  549.62  413.92 -547.79    0.00    670.91    -6600.00  100.00
t=  18500  669.52  646.60  522.46  374.60 -551.76    0.00    669.52    -6700.00  100.00
t=  19000  667.95  640.09  484.86  325.07 -556.97    0.00    667.95    -6800.00  100.00
t=  19500  665.74  630.01  434.89  265.16 -563.74    0.00    665.74    -6900.00  100.00
t=  20000  661.50  614.13  372.35  195.85 -572.10    0.00    661.50    -7000.00  100.00
t=  20500  653.83  589.53  298.48  118.97 -581.53    0.00    653.83    -7100.00  100.00
t=  21000  638.62  553.72  216.08   36.66 -591.35    0.00    638.62    -7200.00  100.00
t=  21500  615.23  504.71  127.09  -48.98 -600.90    0.00    615.23    -7300.00  100.00
t=  22000  577.61  442.49   34.58 -136.58 -610.06    0.00    577.61    -7400.00  100.00
t=  22500  528.31  367.76  -61.11 -225.19 -618.77    0.00    528.31    -7500.00  100.00
t=  23000  462.42  283.52 -160.49 -312.34 -627.40    0.00    462.42    -7600.00  100.00
t=  23500  385.99  191.96 -260.98 -394.11 -635.67    0.00    385.99    -7700.00  100.00
t=  24000  299.11   95.23 -351.86 -467.41 -643.09    0.00    299.11    -7800.00  100.00
t=  24500  202.82   -8.52 -434.43 -529.81 -648.62    0.00    202.82    -7900.00  100.00
t=  25000  107.83 -114.49 -507.46 -581.44 -652.76    0.00    107.83    -8000.00  100.00
t=  25500    4.93 -219.58 -567.11 -620.32 -656.47    0.00      4.93    -8100.00  100.00
t=  26000 -101.32 -316.24 -611.80 -647.23 -658.76    0.00   -101.32    -8200.00  100.00
t=  26500 -212.89 -407.51 -642.46 -662.66 -659.90    0.00   -212.89    -8300.00  100.00
t=  27000 -302.28 -485.31 -659.59 -671.58 -659.85    0.00   -302.28    -8400.00  100.00
t=  27500 -398.18 -551.36 -667.53 -675.40 -659.85    0.00   -398.18    -8500.00  100.00
t=  28000 -475.17 -600.09 -674.83 -679.74 -658.98    0.00   -475.17    -8600.00  100.00
t=  28500 -545.12 -634.08 -679.86 -682.20 -659.67    0.00   -545.12    -8700.00  100.00
t=  29000 -595.20 -655.43 -684.05 -684.05 -659.52    0.00   -595.20    -8800.00  100.00
t=  29500 -636.77 -666.92 -685.84 -684.38 -659.32    0.00   -636.77    -8900.00  100.00
t=  30000 -661.08 -675.91 -686.29 -684.39 -658.71    0.00   -661.08    -9000.00  100.00
t=  30500 -670.04 -681.63 -686.22 -684.27 -658.38    0.00   -670.04    -9100.00  100.00
t=  31000 -676.46 -684.89 -686.31 -684.12 -658.10    0.00   -676.46    -9200.00  100.00
t=  31500 -681.68 -687.36 -686.44 -684.11 -657.73    0.00   -681.68    -9300.00  100.00
t=  32000 -684.13 -687.81 -686.28 -683.97 -657.49    0.00   -684.13    -9400.00  100.00
t=  32500 -688.09 -688.07 -686.10 -683.65 -657.15    0.00   -688.09    -9500.00  100.00
t=  33000 -689.70 -688.26 -685.97 -683.55 -656.75    0.00   -689.70    -9600.00  100.00
t=  33500 -689.60 -688.20 -685.76 -683.33 -656.49    0.00   -689.60    -9700.00  100.00
t=  34000 -689.46 -688.06 -685.60 -683.13 -656.14    0.00   -689.46    -9800.00  100.00
t=  34500 -689.31 -687.90 -685.43 -682.94 -655.81    0.00   -689.31    -9900.00  100.00
t=  35000 -689.16 -687.73 -685.24 -682.74 -655.51    0.00   -689.16   -10000.00  100.00
t=  35500 -689.01 -687.57 -685.05 -682.54 -655.19    0.00   -689.01   -10100.00  100.00
t=  36000 -688.86 -687.40 -684.87 -682.34 -654.88    0.00   -688.86   -10200.00  100.00
t=  36500 -688.71 -687.24 -684.68 -682.14 -654.57    0.00   -688.71   -10300.00  100.00
t=  37000 -688.56 -687.07 -684.50 -681.95 -654.27    0.00   -688.56   -10400.00  100.00
t=  37500 -688.41 -686.91 -684.32 -681.75 -653.97    0.00   -688.41   -10500.00  100.00
t=  38000 -688.26 -686.75 -684.13 -681.55 -653.67    0.00   -688.26   -10600.00  100.00
t=  38500 -688.11 -686.58 -683.95 -681.36 -653.37    0.00   -688.11   -10700.00  100.00
t=  39000 -687.96 -686.42 -683.77 -681.16 -653.08    0.00   -687.96   -10800.00  100.00
t=  39500 -687.81 -686.26 -683.59 -680.97 -652.79    0.00   -687.81   -10900.00  100.00
t=  40000 -687.66 -686.09 -683.41 -680.77 -652.51    0.00   -687.66   -11000.00  100.00
t=  40500 -687.51 -685.93 -683.22 -680.58 -652.22    0.00   -687.51   -11100.00  100.00
t=  41000 -687.36 -685.77 -683.04 -680.39 -651.95    0.00   -687.36   -11200.00  100.00
t=  41500 -687.21 -685.60 -682.86 -680.19 -651.67    0.00   -687.21   -11300.00  100.00
t=  42000 -687.06 -685.44 -682.68 -680.00 -651.39    0.00   -687.06   -11400.00  100.00
t=  42500 -686.91 -685.28 -682.50 -679.81 -651.12    0.00   -686.91   -11500.00  100.00
t=  43000 -686.76 -685.11 -682.32 -679.62 -650.85    0.00   -686.76   -11600.00  100.00
t=  43500 -686.61 -684.95 -682.14 -679.43 -650.59    0.00   -686.61   -11700.00  100.00
t=  44000 -686.46 -684.79 -681.97 -679.24 -650.32    0.00   -686.46   -11800.00  100.00
t=  44500 -686.31 -684.63 -681.79 -679.05 -650.06    0.00   -686.31   -11900.00  100.00
t=  45000 -686.16 -684.47 -681.61 -678.86 -649.81    0.00   -686.16   -12000.00  100.00
t=  45500 -686.01 -684.31 -681.43 -678.68 -649.55    0.00   -686.01   -12100.00  100.00
t=  46000 -685.86 -684.14 -681.25 -678.49 -649.30    0.00   -685.86   -12200.00  100.00
t=  46500 -685.72 -683.98 -681.08 -678.30 -649.05    0.00   -685.72   -12300.00  100.00
t=  47000 -685.57 -683.82 -680.90 -678.12 -648.80    0.00   -685.57   -12400.00  100.00
t=  47500 -685.42 -683.66 -680.72 -677.93 -648.56    0.00   -685.42   -12500.00  100.00
t=  48000 -685.27 -683.50 -680.55 -677.75 -648.31    0.00   -685.27   -12600.00  100.00
t=  48500 -685.12 -683.34 -680.37 -677.56 -648.07    0.00   -685.12   -12700.00  100.00
t=  49000 -684.97 -683.18 -680.20 -677.38 -647.83    0.00   -684.97   -12800.00  100.00
t=  49500 -684.83 -683.02 -680.03 -677.20 -647.60    0.00   -684.83   -12900.00  100.00
t=  50000 -684.68 -682.86 -679.85 -677.02 -647.37    0.00   -684.68   -13000.00  100.00
t=  50500 -684.53 -682.70 -679.68 -676.83 -647.13    0.00   -684.53   -13100.00  100.00
t=  51000 -684.38 -682.54 -679.51 -676.65 -646.91    0.00   -684.38   -13200.00  100.00
t=  51500 -684.23 -682.39 -679.33 -676.47 -646.68    0.00   -684.23   -13300.00  100.00
t=  52000 -684.09 -682.23 -679.16 -676.29 -646.45    0.00   -684.09   -13400.00  100.00
t=  52500 -683.94 -682.07 -678.99 -676.12 -646.23    0.00   -683.94   -13500.00  100.00
t=  53000 -683.79 -681.91 -678.82 -675.94 -646.01    0.00   -683.79   -13600.00  100.00
t=  53500 -683.65 -681.75 -678.65 -675.76 -645.79    0.00   -683.65   -13700.00  100.00
t=  54000 -683.50 -681.60 -678.48 -675.58 -645.58    0.00   -683.50   -13800.00  100.00
t=  54500 -683.36 -681.44 -678.31 -675.41 -645.36    0.00   -683.36   -13900.00  100.00
t=  55000 -683.21 -681.28 -678.14 -675.23 -645.15    0.00   -683.21   -14000.00  100.00
t=  55500 -683.06 -681.13 -677.97 -675.06 -644.94    0.00   -683.06   -14100.00  100.00
t=  56000 -682.92 -680.97 -677.80 -674.88 -644.74    0.00   -682.92   -14200.00  100.00
t=  56500 -682.77 -680.82 -677.63 -674.71 -644.53    0.00   -682.77   -14300.00  100.00
t=  57000 -682.63 -680.66 -677.47 -674.53 -644.33    0.00   -682.63   -14400.00  100.00
t=  57500 -682.48 -680.51 -677.30 -674.36 -644.12    0.00   -682.48   -14500.00  100.00
t=  58000 -682.34 -680.35 -677.13 -674.19 -643.92    0.00   -682.34   -14600.00  100.00
t=  58500 -682.19 -680.20 -676.97 -674.02 -643.73    0.00   -682.19   -14700.00  100.00
t=  59000 -682.05 -680.05 -676.80 -673.85 -643.53    0.00   -682.05   -14700.00  100.00
t=  59500 -682.06 -680.10 -676.83 -673.87 -643.55    0.00   -682.06   -14700.00  100.00
Run time: 401.786914

