t=      0  699.97  699.97  699.97  699.97  699.97    0.00    699.97    -3000.00  100.00
t=    500  696.23  695.97  697.15  696.89  689.54    0.00    696.23    -3100.00  100.00
t=   1000  696.15  694.30  692.43  690.21  660.81    0.00    696.15    -3200.00  100.00
t=   1500  696.56  695.41  691.68  685.35  618.58    0.00    696.56    -3300.00  100.00
t=   2000  696.41  695.38  691.54  682.48  573.31    0.00    696.41    -3400.00  100.00
t=   2500  696.07  694.86  689.88  677.54  533.87    0.00    696.07    -3500.00  100.00
t=   3000  695.74  694.08  687.34  671.97  500.34    0.00    695.74    -3600.00  100.00
t=   3500  695.33  693.30  685.31  667.53  470.51    0.00    695.33    -3700.00  100.00
t=   4000  694.98  692.76  684.02  664.27  443.24    0.00    694.98    -3800.00  100.00
t=   4500  694.68  692.36  683.03  661.48  417.87    0.00    694.68    -3900.00  100.00
t=   5000  694.36  691.92  681.94  658.61  393.19    0.00    694.36    -4000.00  100.00
t=   5500  693.99  691.38  680.64  655.40  367.31    0.00    693.99    -4100.00  100.00
t=   6000  693.60  690.80  679.19  651.75  337.95    0.00    693.60    -4200.00  100.00
t=   6500  693.20  690.18  677.59  647.53  302.72    0.00    693.20    -4300.00  100.00
t=   7000  692.78  689.54  675.79  642.51  259.23    0.00    692.78    -4400.00  100.00
t=   7500  692.34  688.84  673.69  636.35  205.02    0.00    692.34    -4500.00  100.00
t=   8000  691.87  688.07  671.18  628.68  137.66    0.00    691.87    -4600.00  100.00
t=   8500  691.38  687.22  668.15  619.09   55.23    0.00    691.38    -4700.00  100.00
t=   9000  690.86  686.27  664.45  607.01  -42.44    0.00    690.86    -4800.00  100.00
t=   9500  690.30  685.19  659.82  591.66 -151.70    0.00    690.30    -4900.00  100.00
t=  10000  689.71  683.93  653.77  571.86 -263.09    0.00    689.71    -5000.00  100.00
t=  10500  689.05  682.36  645.48  545.85 -361.82    0.00    689.05    -5100.00  100.00
t=  11000  688.31  680.29  633.77  511.72 -433.13    0.00    688.31    -5200.00  100.00
t=  11500  687.43  677.50  617.52  468.80 -470.46    0.00    687.43    -5300.00  100.00
t=  12000  686.38  673.88  596.71  419.57 -480.06    0.00    686.38    -5400.00  100.00
t=  12500  685.18  669.69  572.84  368.58 -477.17    0.00    685.18    -5500.00  100.00
t=  13000  683.97  665.48  547.51  317.88 -476.06    0.00    683.97    -5600.00  100.00
t=  13500  682.87  661.53  519.50  264.28 -482.76    0.00    682.87    -5700.00  100.00
t=  14000  681.89  657.37  482.57  201.70 -496.04    0.00    681.89    -5800.00  100.00
t=  14500  680.83  652.14  426.57  125.97 -512.93    0.00    680.83    -5900.00  100.00
t=  15000  679.38  644.61  343.41   38.15 -532.39    0.00    679.38    -6000.00  100.00
t=  15500  676.89  631.89  234.16  -55.30 -554.63    0.00    676.89    -6100.00  100.00
t=  16000  673.29  608.07  111.79 -146.28 -578.04    0.00    673.29    -6200.00  100.00
t=  16500  665.30  565.63   -4.56 -228.72 -598.85    0.00    665.30    -6300.00  100.00
t=  17000  649.20  498.07 -104.72 -300.27 -613.52    0.00    649.20    -6400.00  100.00
t=  17500  617.07  405.83 -189.79 -363.00 -622.16    0.00    617.07    -6500.00  100.00
t=  18000  565.24  296.70 -264.25 -420.35 -628.54    0.00    565.24    -6600.00  100.00
t=  18500  491.35  180.19 -331.94 -473.97 -635.75    0.00    491.35    -6700.00  100.00
t=  19000  392.87   67.35 -396.64 -525.17 -643.56    0.00    392.87    -6800.00  100.00
t=  19500  275.45  -35.84 -459.10 -573.55 -651.00    0.00    275.45    -6900.00  100.00
t=  20000  152.04 -130.48 -521.46 -615.80 -657.39    0.00    152.04    -7000.00  100.00
t=  20500   39.53 -215.58 -581.86 -647.87 -662.62    0.00     39.53    -7100.00  100.00
t=  21000  -64.18 -292.45 -630.61 -667.33 -666.17    0.00    -64.18    -7200.00  100.00
t=  21500 -158.95 -366.80 -657.62 -677.20 -666.84    0.00   -158.95    -7300.00  100.00
t=  22000 -238.98 -438.33 -667.95 -680.90 -665.75    0.00   -238.98    -7400.00  100.00
t=  22500 -307.67 -503.62 -673.15 -682.52 -664.65    0.00   -307.67    -7500.00  100.00
t=  23000 -377.98 -560.20 -679.56 -683.93 -664.59    0.00   -377.98    -7600.00  100.00
t=  23500 -437.83 -604.46 -683.85 -685.59 -665.06    0.00   -437.83    -7700.00  100.00
t=  24000 -499.43 -636.60 -685.26 -685.46 -665.38    0.00   -499.43    -7800.00  100.00
t=  24500 -564.61 -656.70 -686.27 -685.54 -664.42    0.00   -564.61    -7900.00  100.00
t=  25000 -614.49 -668.66 -687.13 -685.66 -664.01    0.00   -614.49    -8000.00  100.00
t=  25500 -656.75 -678.06 -687.25 -685.27 -664.04    0.00   -656.75    -8100.00  100.00
t=  26000 -671.02 -684.33 -687.95 -685.63 -663.35    0.00   -671.02    -8200.00  100.00
t=  26500 -677.90 -687.57 -687.81 -685.15 -663.31    0.00   -677.90    -8300.00  100.00
t=  27000 -683.44 -688.97 -687.93 -685.19 -662.63    0.00   -683.44    -8400.00  100.00
t=  27500 -685.79 -689.12 -687.82 -685.09 -662.40    0.00   -685.79    -8500.00  100.00
t=  28000 -689.53 -689.46 -687.62 -684.77 -662.14    0.00   -689.53    -8600.00  100.00
t=  28500 -691.05 -689.73 -687.52 -684.66 -661.67    0.00   -691.05    -8700.00  100.00
t=  29000 -690.94 -689.66 -687.31 -684.42 -661.37    0.00   -690.94    -8800.00  100.00
t=  29500 -690.80 -689.52 -687.15 -684.22 -660.98    0.00   -690.80    -8900.00  100.00
t=  30000 -690.65 -689.35 -686.97 -684.02 -660.63    0.00   -690.65    -9000.00  100.00
t=  30500 -690.50 -689.19 -686.78 -683.81 -660.29    0.00   -690.50    -9100.00  100.00
t=  31000 -690.35 -689.03 -686.59 -683.60 -659.94    0.00   -690.35    -9200.00  100.00
t=  31500 -690.20 -688.86 -686.41 -683.40 -659.59    0.00   -690.20    -9300.00  100.00
t=  32000 -690.05 -688.70 -686.22 -683.19 -659.25    0.00   -690.05    -9400.00  100.00
t=  32500 -689.90 -688.53 -686.04 -682.98 -658.91    0.00   -689.90    -9500.00  100.00
t=  33000 -689.75 -688.37 -685.85 -682.78 -658.58    0.00   -689.75    -9600.00  100.00
t=  33500 -689.60 -688.21 -685.66 -682.57 -658.25    0.00   -689.60    -9700.00  100.00
t=  34000 -689.45 -688.04 -685.48 -682.37 -657.92    0.00   -689.45    -9800.00  100.00
t=  34500 -689.30 -687.88 -685.29 -682.17 -657.60    0.00   -689.30    -9900.00  100.00
t=  35000 -689.16 -687.71 -685.11 -681.96 -657.28    0.00   -689.16   -10000.00  100.00
t=  35500 -689.01 -687.55 -684.92 -681.76 -656.96    0.00   -689.01   -10100.00  100.00
t=  36000 -688.86 -687.38 -684.74 -681.56 -656.64    0.00   -688.86   -10200.00  100.00
t=  36500 -688.71 -687.22 -684.56 -681.36 -656.33    0.00   -688.71   -10300.00  100.00
t=  37000 -688.56 -687.06 -684.37 -681.16 -656.02    0.00   -688.56   -10400.00  100.00
t=  37500 -688.41 -686.89 -684.19 -680.96 -655.72    0.00   -688.41   -10500.00  100.00
t=  38000 -688.26 -686.73 -684.00 -680.76 -655.42    0.00   -688.26   -10600.00  100.00
t=  38500 -688.11 -686.57 -683.82 -680.56 -655.12    0.00   -688.11   -10700.00  100.00
t=  39000 -687.96 -686.40 -683.64 -680.36 -654.82    0.00   -687.96   -10800.00  100.00
t=  39500 -687.81 -686.24 -683.46 -680.17 -654.53    0.00   -687.81   -10900.00  100.00
t=  40000 -687.66 -686.07 -683.28 -679.97 -654.24    0.00   -687.66   -11000.00  100.00
t=  40500 -687.51 -685.91 -683.09 -679.77 -653.95    0.00   -687.51   -11100.00  100.00
t=  41000 -687.36 -685.75 -682.91 -679.58 -653.66    0.00   -687.36   -11200.00  100.00
t=  41500 -687.21 -685.59 -682.73 -679.38 -653.38    0.00   -687.21   -11300.00  100.00
t=  42000 -687.06 -685.42 -682.55 -679.19 -653.10    0.00   -687.06   -11400.00  100.00
t=  42500 -686.91 -685.26 -682.37 -679.00 -652.82    0.00   -686.91   -11500.00  100.00
t=  43000 -686.76 -685.10 -682.19 -678.80 -652.55    0.00   -686.76   -11600.00  100.00
t=  43500 -686.61 -684.94 -682.01 -678.61 -652.28    0.00   -686.61   -11700.00  100.00
t=  44000 -686.46 -684.77 -681.83 -678.42 -652.01    0.00   -686.46   -11800.00  100.00
t=  44500 -686.31 -684.61 -681.66 -678.23 -651.74    0.00   -686.31   -11900.00  100.00
t=  45000 -686.16 -684.45 -681.48 -678.04 -651.48    0.00   -686.16   -12000.00  100.00
t=  45500 -686.01 -684.29 -681.30 -677.85 -651.22    0.00   -686.01   -12100.00  100.00
t=  46000 -685.86 -684.13 -681.12 -677.66 -650.96    0.00   -685.86   -12200.00  100.00
t=  46500 -685.71 -683.97 -680.95 -677.47 -650.70    0.00   -685.71   -12300.00  100.00
t=  47000 -685.56 -683.81 -680.77 -677.29 -650.45    0.00   -685.56   -12400.00  100.00
t=  47500 -685.42 -683.64 -680.59 -677.10 -650.20    0.00   -685.42   -12500.00  100.00
t=  48000 -685.27 -683.48 -680.42 -676.91 -649.95    0.00   -685.27   -12600.00  100.00
t=  48500 -685.12 -683.32 -680.24 -676.73 -649.71    0.00   -685.12   -12700.00  100.00
t=  49000 -684.97 -683.16 -680.07 -676.55 -649.46    0.00   -684.97   -12800.00  100.00
t=  49500 -684.82 -683.01 -679.90 -676.36 -649.22    0.00   -684.82   -12900.00  100.00
t=  50000 -684.68 -682.85 -679.72 -676.18 -648.98    0.00   -684.68   -13000.00  100.00
t=  50500 -684.53 -682.69 -679.55 -676.00 -648.74    0.00   -684.53   -13100.00  100.00
t=  51000 -684.38 -682.53 -679.38 -675.81 -648.51    0.00   -684.38   -13200.00  100.00
t=  51500 -684.23 -682.37 -679.20 -675.63 -648.28    0.00   -684.23   -13300.00  100.00
t=  52000 -684.09 -682.21 -679.03 -675.45 -648.04    0.00   -684.09   -13400.00  100.00
t=  52500 -683.94 -682.05 -678.86 -675.27 -647.82    0.00   -683.94   -13500.00  100.00
t=  53000 -683.79 -681.90 -678.69 -675.09 -647.59    0.00   -683.79   -13600.00  100.00
t=  53500 -683.65 -681.74 -678.52 -674.92 -647.37    0.00   -683.65   -13700.00  100.00
t=  54000 -683.50 -681.58 -678.35 -674.74 -647.14    0.00   -683.50   -13800.00  100.00
t=  54500 -683.35 -681.42 -678.18 -674.56 -646.92    0.00   -683.35   -13900.00  100.00
t=  55000 -683.21 -681.27 -678.01 -674.39 -646.71    0.00   -683.21   -14000.00  100.00
t=  55500 -683.06 -681.11 -677.84 -674.21 -646.49    0.00   -683.06   -14100.00  100.00
t=  56000 -682.92 -680.96 -677.67 -674.04 -646.28    0.00   -682.92   -14200.00  100.00
t=  56500 -682.77 -680.80 -677.51 -673.86 -646.06    0.00   -682.77   -14300.00  100.00
t=  57000 -682.63 -680.65 -677.34 -673.69 -645.85    0.00   -682.63   -14400.00  100.00
t=  57500 -682.48 -680.49 -677.17 -673.52 -645.65    0.00   -682.48   -14500.00  100.00
t=  58000 -682.34 -680.34 -677.01 -673.34 -645.44    0.00   -682.34   -14600.00  100.00
t=  58500 -682.19 -680.18 -676.84 -673.17 -645.23    0.00   -682.19   -14700.00  100.00
t=  59000 -682.05 -680.03 -676.68 -673.00 -645.03    0.00   -682.05   -14700.00  100.00
t=  59500 -682.06 -680.08 -676.71 -673.02 -645.05    0.00   -682.06   -14700.00  100.00
Run time: 401.943279

