t=      0  699.97  699.97  699.97  699.97  699.97    0.00    699.97    -3000.00  100.00
t=    500  696.23  695.99  697.17  696.75  689.69    0.00    696.23    -3100.00  100.00
t=   1000  696.17  694.35  692.35  689.38  662.23    0.00    696.17    -3200.00  100.00
t=   1500  696.57  695.42  691.31  683.49  623.37    0.00    696.57    -3300.00  100.00
t=   2000  696.41  695.29  690.65  679.19  585.21    0.00    696.41    -3400.00  100.00
t=   2500  696.04  694.60  688.40  673.51  556.38    0.00    696.04    -3500.00  100.00
t=   3000  695.66  693.72  685.86  668.43  535.79    0.00    695.66    -3600.00  100.00
t=   3500  695.27  693.04  684.32  665.29  520.96    0.00    695.27    -3700.00  100.00
t=   4000  694.96  692.66  683.61  663.61  510.84    0.00    694.96    -3800.00  100.00
t=   4500  694.68  692.36  683.13  662.54  504.45    0.00    694.68    -3900.00  100.00
t=   5000  694.36  691.98  682.55  661.56  500.05    0.00    694.36    -4000.00  100.00
t=   5500  694.01  691.52  681.85  660.43  495.45    0.00    694.01    -4100.00  100.00
t=   6000  693.64  691.04  681.04  658.95  488.63    0.00    693.64    -4200.00  100.00
t=   6500  693.25  690.54  680.07  656.90  477.99    0.00    693.25    -4300.00  100.00
t=   7000  692.85  689.98  678.83  654.03  462.30    0.00    692.85    -4400.00  100.00
t=   7500  692.42  689.34  677.26  650.14  440.55    0.00    692.42    -4500.00  100.00
t=   8000  691.96  688.62  675.31  645.05  411.74    0.00    691.96    -4600.00  100.00
t=   8500  691.47  687.82  672.93  638.59  374.82    0.00    691.47    -4700.00  100.00
t=   9000  690.95  686.94  670.08  630.52  328.61    0.00    690.95    -4800.00  100.00
t=   9500  690.40  685.96  666.68  620.48  271.74    0.00    690.40    -4900.00  100.00
t=  10000  689.82  684.87  662.58  607.96  202.81    0.00    689.82    -5000.00  100.00
t=  10500  689.20  683.66  657.58  592.23  120.80    0.00    689.20    -5100.00  100.00
t=  11000  688.55  682.28  651.37  572.20   26.09    0.00    688.55    -5200.00  100.00
t=  11500  687.85  680.69  643.39  546.22  -78.00    0.00    687.85    -5300.00  100.00
t=  12000  687.09  678.78  632.70  511.88 -183.71    0.00    687.09    -5400.00  100.00
t=  12500  686.24  676.39  617.74  465.77 -279.35    0.00    686.24    -5500.00  100.00
t=  13000  685.29  673.24  596.14  403.76 -353.83    0.00    685.29    -5600.00  100.00
t=  13500  684.19  669.03  564.71  321.87 -403.66    0.00    684.19    -5700.00  100.00
t=  14000  682.93  663.56  519.32  216.62 -436.44    0.00    682.93    -5800.00  100.00
t=  14500  681.60  656.77  452.59   84.35 -466.17    0.00    681.60    -5900.00  100.00
t=  15000  680.35  648.56  348.63  -75.64 -504.15    0.00    680.35    -6000.00  100.00
t=  15500  679.28  638.36  184.27 -251.94 -552.67    0.00    679.28    -6100.00  100.00
t=  16000  677.87  623.15  -45.50 -419.50 -604.41    0.00    677.87    -6200.00  100.00
t=  16500  674.63  592.64 -292.62 -551.62 -647.58    0.00    674.63    -6300.00  100.00
t=  17000  665.51  525.67 -484.94 -631.51 -672.30    0.00    665.51    -6400.00  100.00
t=  17500  641.97  402.21 -590.52 -664.53 -675.85    0.00    641.97    -6500.00  100.00
t=  18000  594.57  228.92 -629.13 -672.46 -668.37    0.00    594.57    -6600.00  100.00
t=  18500  518.04   31.86 -640.56 -674.12 -663.23    0.00    518.04    -6700.00  100.00
t=  19000  403.32 -152.93 -651.08 -677.48 -664.43    0.00    403.32    -6800.00  100.00
t=  19500  243.21 -300.11 -663.73 -681.75 -668.04    0.00    243.21    -6900.00  100.00
t=  20000   57.89 -411.65 -672.30 -684.13 -669.60    0.00     57.89    -7000.00  100.00
t=  20500 -122.76 -496.54 -676.33 -684.47 -668.86    0.00   -122.76    -7100.00  100.00
t=  21000 -281.38 -561.09 -679.46 -684.26 -667.72    0.00   -281.38    -7200.00  100.00
t=  21500 -405.97 -604.55 -682.55 -685.17 -667.27    0.00   -405.97    -7300.00  100.00
t=  22000 -499.51 -635.40 -684.95 -685.14 -667.59    0.00   -499.51    -7400.00  100.00
t=  22500 -570.45 -653.65 -686.13 -685.71 -667.27    0.00   -570.45    -7500.00  100.00
t=  23000 -616.17 -665.14 -687.16 -685.77 -666.88    0.00   -616.17    -7600.00  100.00
t=  23500 -649.09 -673.04 -687.57 -685.59 -666.66    0.00   -649.09    -7700.00  100.00
t=  24000 -665.19 -678.48 -688.06 -685.75 -666.22    0.00   -665.19    -7800.00  100.00
t=  24500 -671.06 -680.97 -688.10 -685.61 -666.10    0.00   -671.06    -7900.00  100.00
t=  25000 -675.01 -681.69 -688.08 -685.45 -665.63    0.00   -675.01    -8000.00  100.00
t=  25500 -678.07 -682.04 -688.00 -685.28 -665.21    0.00   -678.07    -8100.00  100.00
t=  26000 -682.04 -682.36 -687.79 -685.06 -664.93    0.00   -682.04    -8200.00  100.00
t=  26500 -682.30 -682.77 -687.74 -684.91 -664.52    0.00   -682.30    -8300.00  100.00
t=  27000 -682.18 -682.92 -687.50 -684.63 -664.21    0.00   -682.18    -8400.00  100.00
t=  27500 -682.07 -683.05 -687.36 -684.46 -663.76    0.00   -682.07    -8500.00  100.00
t=  28000 -681.96 -683.31 -687.18 -684.24 -663.43    0.00   -681.96    -8600.00  100.00
t=  28500 -681.88 -683.80 -687.02 -684.04 -663.07    0.00   -681.88    -8700.00  100.00
t=  29000 -681.82 -684.74 -686.87 -683.83 -662.70    0.00   -681.82    -8800.00  100.00
t=  29500 -681.82 -686.25 -686.77 -683.63 -662.35    0.00   -681.82    -8900.00  100.00
t=  30000 -682.08 -687.70 -686.71 -683.45 -662.00    0.00   -682.08    -9000.00  100.00
t=  30500 -683.24 -688.24 -686.59 -683.26 -661.68    0.00   -683.24    -9100.00  100.00
t=  31000 -686.82 -688.29 -686.38 -683.04 -661.33    0.00   -686.82    -9200.00  100.00
t=  31500 -689.69 -688.46 -686.24 -682.85 -660.95    0.00   -689.69    -9300.00  100.00
t=  32000 -690.04 -688.61 -686.08 -682.63 -660.65    0.00   -690.04    -9400.00  100.00
t=  32500 -689.90 -688.51 -685.88 -682.41 -660.30    0.00   -689.90    -9500.00  100.00
t=  33000 -689.75 -688.35 -685.71 -682.22 -659.94    0.00   -689.75    -9600.00  100.00
t=  33500 -689.60 -688.19 -685.52 -682.01 -659.63    0.00   -689.60    -9700.00  100.00
t=  34000 -689.45 -688.02 -685.34 -681.80 -659.30    0.00   -689.45    -9800.00  100.00
t=  34500 -689.30 -687.86 -685.15 -681.60 -658.97    0.00   -689.30    -9900.00  100.00
t=  35000 -689.15 -687.69 -684.97 -681.39 -658.65    0.00   -689.15   -10000.00  100.00
t=  35500 -689.00 -687.53 -684.78 -681.19 -658.33    0.00   -689.00   -10100.00  100.00
t=  36000 -688.85 -687.37 -684.60 -680.98 -658.01    0.00   -688.85   -10200.00  100.00
t=  36500 -688.70 -687.20 -684.41 -680.78 -657.70    0.00   -688.70   -10300.00  100.00
t=  37000 -688.55 -687.04 -684.23 -680.58 -657.39    0.00   -688.55   -10400.00  100.00
t=  37500 -688.40 -686.87 -684.05 -680.37 -657.08    0.00   -688.40   -10500.00  100.00
t=  38000 -688.25 -686.71 -683.86 -680.17 -656.78    0.00   -688.25   -10600.00  100.00
t=  38500 -688.10 -686.55 -683.68 -679.97 -656.47    0.00   -688.10   -10700.00  100.00
t=  39000 -687.95 -686.38 -683.50 -679.77 -656.17    0.00   -687.95   -10800.00  100.00
t=  39500 -687.80 -686.22 -683.31 -679.57 -655.88    0.00   -687.80   -10900.00  100.00
t=  40000 -687.65 -686.06 -683.13 -679.37 -655.59    0.00   -687.65   -11000.00  100.00
t=  40500 -687.50 -685.89 -682.95 -679.17 -655.29    0.00   -687.50   -11100.00  100.00
t=  41000 -687.35 -685.73 -682.77 -678.98 -655.01    0.00   -687.35   -11200.00  100.00
t=  41500 -687.20 -685.57 -682.59 -678.78 -654.72    0.00   -687.20   -11300.00  100.00
t=  42000 -687.06 -685.40 -682.41 -678.58 -654.44    0.00   -687.06   -11400.00  100.00
t=  42500 -686.91 -685.24 -682.23 -678.39 -654.16    0.00   -686.91   -11500.00  100.00
t=  43000 -686.76 -685.08 -682.05 -678.20 -653.88    0.00   -686.76   -11600.00  100.00
t=  43500 -686.61 -684.92 -681.87 -678.00 -653.61    0.00   -686.61   -11700.00  100.00
t=  44000 -686.46 -684.75 -681.69 -677.81 -653.33    0.00   -686.46   -11800.00  100.00
t=  44500 -686.31 -684.59 -681.51 -677.62 -653.07    0.00   -686.31   -11900.00  100.00
t=  45000 -686.16 -684.43 -681.33 -677.43 -652.80    0.00   -686.16   -12000.00  100.00
t=  45500 -686.01 -684.27 -681.15 -677.23 -652.53    0.00   -686.01   -12100.00  100.00
t=  46000 -685.86 -684.11 -680.98 -677.04 -652.27    0.00   -685.86   -12200.00  100.00
t=  46500 -685.71 -683.95 -680.80 -676.86 -652.01    0.00   -685.71   -12300.00  100.00
t=  47000 -685.56 -683.79 -680.62 -676.67 -651.75    0.00   -685.56   -12400.00  100.00
t=  47500 -685.41 -683.63 -680.45 -676.48 -651.50    0.00   -685.41   -12500.00  100.00
t=  48000 -685.27 -683.47 -680.27 -676.29 -651.25    0.00   -685.27   -12600.00  100.00
t=  48500 -685.12 -683.31 -680.10 -676.11 -651.00    0.00   -685.12   -12700.00  100.00
t=  49000 -684.97 -683.15 -679.92 -675.92 -650.75    0.00   -684.97   -12800.00  100.00
t=  49500 -684.82 -682.99 -679.75 -675.73 -650.50    0.00   -684.82   -12900.00  100.00
t=  50000 -684.67 -682.83 -679.58 -675.55 -650.26    0.00   -684.67   -13000.00  100.00
t=  50500 -684.53 -682.67 -679.40 -675.37 -650.02    0.00   -684.53   -13100.00  100.00
t=  51000 -684.38 -682.51 -679.23 -675.18 -649.78    0.00   -684.38   -13200.00  100.00
t=  51500 -684.23 -682.35 -679.06 -675.00 -649.54    0.00   -684.23   -13300.00  100.00
t=  52000 -684.08 -682.19 -678.89 -674.82 -649.31    0.00   -684.08   -13400.00  100.00
t=  52500 -683.94 -682.03 -678.71 -674.64 -649.08    0.00   -683.94   -13500.00  100.00
t=  53000 -683.79 -681.88 -678.54 -674.46 -648.84    0.00   -683.79   -13600.00  100.00
t=  53500 -683.64 -681.72 -678.37 -674.28 -648.62    0.00   -683.64   -13700.00  100.00
t=  54000 -683.50 -681.56 -678.20 -674.10 -648.39    0.00   -683.50   -13800.00  100.00
t=  54500 -683.35 -681.41 -678.03 -673.93 -648.17    0.00   -683.35   -13900.00  100.00
t=  55000 -683.21 -681.25 -677.87 -673.75 -647.94    0.00   -683.21   -14000.00  100.00
t=  55500 -683.06 -681.09 -677.70 -673.57 -647.72    0.00   -683.06   -14100.00  100.00
t=  56000 -682.91 -680.94 -677.53 -673.40 -647.51    0.00   -682.91   -14200.00  100.00
t=  56500 -682.77 -680.78 -677.36 -673.22 -647.29    0.00   -682.77   -14300.00  100.00
t=  57000 -682.62 -680.63 -677.19 -673.05 -647.07    0.00   -682.62   -14400.00  100.00
t=  57500 -682.48 -680.47 -677.03 -672.88 -646.86    0.00   -682.48   -14500.00  100.00
t=  58000 -682.34 -680.32 -676.86 -672.70 -646.65    0.00   -682.34   -14600.00  100.00
t=  58500 -682.19 -680.16 -676.70 -672.53 -646.44    0.00   -682.19   -14700.00  100.00
t=  59000 -682.05 -680.01 -676.53 -672.36 -646.24    0.00   -682.05   -14700.00  100.00
t=  59500 -682.06 -680.06 -676.56 -672.38 -646.26    0.00   -682.06   -14700.00  100.00
Run time: 402.096631

