t=      0  699.97  699.97  699.97  699.97  699.97    0.00    699.97    -3000.00  100.00
t=    500  696.23  695.99  697.17  696.61  689.86    0.00    696.23    -3100.00  100.00
t=   1000  696.18  694.38  692.23  688.63  663.58    0.00    696.18    -3200.00  100.00
t=   1500  696.58  695.40  690.94  681.89  627.56    0.00    696.58    -3300.00  100.00
t=   2000  696.39  695.19  689.87  676.60  594.79    0.00    696.39    -3400.00  100.00
t=   2500  696.01  694.38  687.30  670.79  573.01    0.00    696.01    -3500.00  100.00
t=   3000  695.60  693.48  684.98  666.57  559.93    0.00    695.60    -3600.00  100.00
t=   3500  695.24  692.92  683.98  664.71  552.79    0.00    695.24    -3700.00  100.00
t=   4000  694.97  692.68  683.76  664.30  550.33    0.00    694.97    -3800.00  100.00
t=   4500  694.70  692.45  683.65  664.40  550.91    0.00    694.70    -3900.00  100.00
t=   5000  694.38  692.11  683.40  664.47  552.18    0.00    694.38    -4000.00  100.00
t=   5500  694.04  691.71  682.98  664.14  551.78    0.00    694.04    -4100.00  100.00
t=   6000  693.68  691.27  682.36  663.12  547.96    0.00    693.68    -4200.00  100.00
t=   6500  693.30  690.78  681.43  661.17  539.67    0.00    693.30    -4300.00  100.00
t=   7000  692.89  690.21  680.12  658.13  526.38    0.00    692.89    -4400.00  100.00
t=   7500  692.45  689.54  678.41  653.93  507.84    0.00    692.45    -4500.00  100.00
t=   8000  691.98  688.78  676.30  648.54  483.90    0.00    691.98    -4600.00  100.00
t=   8500  691.49  687.95  673.79  641.91  454.43    0.00    691.49    -4700.00  100.00
t=   9000  690.96  687.03  670.86  633.93  419.17    0.00    690.96    -4800.00  100.00
t=   9500  690.41  686.03  667.47  624.41  377.66    0.00    690.41    -4900.00  100.00
t=  10000  689.82  684.93  663.52  613.04  329.20    0.00    689.82    -5000.00  100.00
t=  10500  689.20  683.72  658.88  599.35  272.86    0.00    689.20    -5100.00  100.00
t=  11000  688.54  682.38  653.35  582.63  207.71    0.00    688.54    -5200.00  100.00
t=  11500  687.85  680.88  646.60  561.83  133.13    0.00    687.85    -5300.00  100.00
t=  12000  687.10  679.16  638.13  535.45   49.48    0.00    687.10    -5400.00  100.00
t=  12500  686.29  677.14  627.14  501.23  -41.07    0.00    686.29    -5500.00  100.00
t=  13000  685.42  674.71  612.27  455.87 -133.85    0.00    685.42    -5600.00  100.00
t=  13500  684.45  671.66  591.28  394.62 -222.26    0.00    684.45    -5700.00  100.00
t=  14000  683.39  667.75  560.42  311.02 -300.30    0.00    683.39    -5800.00  100.00
t=  14500  682.22  662.61  513.52  197.26 -366.65    0.00    682.22    -5900.00  100.00
t=  15000  680.99  655.83  438.87   47.06 -426.74    0.00    680.99    -6000.00  100.00
t=  15500  679.79  647.02  315.58 -136.26 -489.17    0.00    679.79    -6100.00  100.00
t=  16000  678.61  635.32  119.02 -330.39 -556.72    0.00    678.61    -6200.00  100.00
t=  16500  676.68  616.54 -145.66 -499.78 -619.90    0.00    676.68    -6300.00  100.00
t=  17000  672.60  577.68 -408.35 -614.66 -664.36    0.00    672.60    -6400.00  100.00
t=  17500  659.65  493.22 -580.75 -668.32 -681.60    0.00    659.65    -6500.00  100.00
t=  18000  627.92  344.04 -639.76 -678.95 -676.11    0.00    627.92    -6600.00  100.00
t=  18500  567.43  144.30 -642.18 -674.03 -663.97    0.00    567.43    -6700.00  100.00
t=  19000  475.11  -64.35 -643.81 -673.35 -660.29    0.00    475.11    -6800.00  100.00
t=  19500  339.38 -238.50 -657.33 -678.91 -665.81    0.00    339.38    -6900.00  100.00
t=  20000  159.24 -368.90 -669.44 -683.67 -670.89    0.00    159.24    -7000.00  100.00
t=  20500  -34.00 -465.51 -675.26 -684.60 -670.72    0.00    -34.00    -7100.00  100.00
t=  21000 -218.33 -537.11 -678.00 -684.00 -668.80    0.00   -218.33    -7200.00  100.00
t=  21500 -359.03 -588.71 -681.40 -684.27 -667.83    0.00   -359.03    -7300.00  100.00
t=  22000 -472.78 -623.59 -683.28 -684.51 -668.57    0.00   -472.78    -7400.00  100.00
t=  22500 -551.68 -644.85 -685.44 -685.43 -668.00    0.00   -551.68    -7500.00  100.00
t=  23000 -602.36 -658.69 -686.54 -685.17 -667.98    0.00   -602.36    -7600.00  100.00
t=  23500 -638.04 -666.89 -686.95 -685.19 -667.59    0.00   -638.04    -7700.00  100.00
t=  24000 -658.85 -672.57 -687.49 -685.26 -667.19    0.00   -658.85    -7800.00  100.00
t=  24500 -666.34 -675.49 -687.70 -685.20 -667.08    0.00   -666.34    -7900.00  100.00
t=  25000 -670.24 -676.85 -687.66 -684.95 -666.73    0.00   -670.24    -8000.00  100.00
t=  25500 -673.30 -677.47 -687.59 -684.82 -666.25    0.00   -673.30    -8100.00  100.00
t=  26000 -675.35 -678.42 -687.49 -684.59 -665.96    0.00   -675.35    -8200.00  100.00
t=  26500 -675.48 -679.42 -687.36 -684.41 -665.63    0.00   -675.48    -8300.00  100.00
t=  27000 -675.48 -680.74 -687.24 -684.19 -665.24    0.00   -675.48    -8400.00  100.00
t=  27500 -675.62 -682.11 -687.17 -684.01 -664.85    0.00   -675.62    -8500.00  100.00
t=  28000 -676.24 -683.00 -687.05 -683.81 -664.53    0.00   -676.24    -8600.00  100.00
t=  28500 -678.67 -683.80 -686.88 -683.60 -664.17    0.00   -678.67    -8700.00  100.00
t=  29000 -681.56 -685.51 -686.80 -683.38 -663.78    0.00   -681.56    -8800.00  100.00
t=  29500 -682.00 -687.25 -686.74 -683.22 -663.47    0.00   -682.00    -8900.00  100.00
t=  30000 -682.68 -688.18 -686.63 -683.01 -663.13    0.00   -682.68    -9000.00  100.00
t=  30500 -685.49 -688.28 -686.47 -682.81 -662.75    0.00   -685.49    -9100.00  100.00
t=  31000 -688.54 -688.51 -686.33 -682.59 -662.41    0.00   -688.54    -9200.00  100.00
t=  31500 -690.14 -688.66 -686.12 -682.38 -662.10    0.00   -690.14    -9300.00  100.00
t=  32000 -690.05 -688.63 -685.96 -682.19 -661.72    0.00   -690.05    -9400.00  100.00
t=  32500 -689.90 -688.50 -685.78 -681.96 -661.39    0.00   -689.90    -9500.00  100.00
t=  33000 -689.75 -688.34 -685.60 -681.76 -661.05    0.00   -689.75    -9600.00  100.00
t=  33500 -689.60 -688.17 -685.41 -681.55 -660.73    0.00   -689.60    -9700.00  100.00
t=  34000 -689.45 -688.01 -685.23 -681.34 -660.40    0.00   -689.45    -9800.00  100.00
t=  34500 -689.30 -687.84 -685.04 -681.13 -660.07    0.00   -689.30    -9900.00  100.00
t=  35000 -689.15 -687.68 -684.85 -680.92 -659.75    0.00   -689.15   -10000.00  100.00
t=  35500 -689.00 -687.51 -684.67 -680.71 -659.43    0.00   -689.00   -10100.00  100.00
t=  36000 -688.85 -687.35 -684.48 -680.51 -659.11    0.00   -688.85   -10200.00  100.00
t=  36500 -688.70 -687.19 -684.30 -680.30 -658.79    0.00   -688.70   -10300.00  100.00
t=  37000 -688.55 -687.02 -684.11 -680.09 -658.48    0.00   -688.55   -10400.00  100.00
t=  37500 -688.40 -686.86 -683.93 -679.89 -658.17    0.00   -688.40   -10500.00  100.00
t=  38000 -688.25 -686.69 -683.75 -679.69 -657.87    0.00   -688.25   -10600.00  100.00
t=  38500 -688.10 -686.53 -683.56 -679.48 -657.56    0.00   -688.10   -10700.00  100.00
t=  39000 -687.95 -686.37 -683.38 -679.28 -657.26    0.00   -687.95   -10800.00  100.00
t=  39500 -687.80 -686.20 -683.20 -679.08 -656.97    0.00   -687.80   -10900.00  100.00
t=  40000 -687.65 -686.04 -683.01 -678.88 -656.67    0.00   -687.65   -11000.00  100.00
t=  40500 -687.50 -685.88 -682.83 -678.68 -656.38    0.00   -687.50   -11100.00  100.00
t=  41000 -687.35 -685.71 -682.65 -678.48 -656.09    0.00   -687.35   -11200.00  100.00
t=  41500 -687.20 -685.55 -682.47 -678.28 -655.80    0.00   -687.20   -11300.00  100.00
t=  42000 -687.05 -685.39 -682.29 -678.08 -655.52    0.00   -687.05   -11400.00  100.00
t=  42500 -686.90 -685.23 -682.11 -677.89 -655.24    0.00   -686.90   -11500.00  100.00
t=  43000 -686.75 -685.06 -681.93 -677.69 -654.96    0.00   -686.75   -11600.00  100.00
t=  43500 -686.60 -684.90 -681.75 -677.50 -654.68    0.00   -686.60   -11700.00  100.00
t=  44000 -686.46 -684.74 -681.57 -677.30 -654.41    0.00   -686.46   -11800.00  100.00
t=  44500 -686.31 -684.58 -681.39 -677.11 -654.13    0.00   -686.31   -11900.00  100.00
t=  45000 -686.16 -684.42 -681.21 -676.91 -653.86    0.00   -686.16   -12000.00  100.00
t=  45500 -686.01 -684.25 -681.03 -676.72 -653.60    0.00   -686.01   -12100.00  100.00
t=  46000 -685.86 -684.09 -680.86 -676.53 -653.33    0.00   -685.86   -12200.00  100.00
t=  46500 -685.71 -683.93 -680.68 -676.34 -653.07    0.00   -685.71   -12300.00  100.00
t=  47000 -685.56 -683.77 -680.50 -676.15 -652.81    0.00   -685.56   -12400.00  100.00
t=  47500 -685.41 -683.61 -680.33 -675.96 -652.55    0.00   -685.41   -12500.00  100.00
t=  48000 -685.26 -683.45 -680.15 -675.77 -652.30    0.00   -685.26   -12600.00  100.00
t=  48500 -685.12 -683.29 -679.98 -675.58 -652.05    0.00   -685.12   -12700.00  100.00
t=  49000 -684.97 -683.13 -679.80 -675.40 -651.80    0.00   -684.97   -12800.00  100.00
t=  49500 -684.82 -682.97 -679.63 -675.21 -651.55    0.00   -684.82   -12900.00  100.00
t=  50000 -684.67 -682.81 -679.45 -675.03 -651.30    0.00   -684.67   -13000.00  100.00
t=  50500 -684.52 -682.65 -679.28 -674.84 -651.06    0.00   -684.52   -13100.00  100.00
t=  51000 -684.38 -682.49 -679.11 -674.66 -650.82    0.00   -684.38   -13200.00  100.00
t=  51500 -684.23 -682.34 -678.94 -674.48 -650.58    0.00   -684.23   -13300.00  100.00
t=  52000 -684.08 -682.18 -678.76 -674.29 -650.34    0.00   -684.08   -13400.00  100.00
t=  52500 -683.94 -682.02 -678.59 -674.11 -650.10    0.00   -683.94   -13500.00  100.00
t=  53000 -683.79 -681.86 -678.42 -673.93 -649.87    0.00   -683.79   -13600.00  100.00
t=  53500 -683.64 -681.70 -678.25 -673.75 -649.64    0.00   -683.64   -13700.00  100.00
t=  54000 -683.50 -681.55 -678.08 -673.57 -649.41    0.00   -683.50   -13800.00  100.00
t=  54500 -683.35 -681.39 -677.91 -673.39 -649.18    0.00   -683.35   -13900.00  100.00
t=  55000 -683.20 -681.23 -677.74 -673.22 -648.96    0.00   -683.20   -14000.00  100.00
t=  55500 -683.06 -681.08 -677.58 -673.04 -648.73    0.00   -683.06   -14100.00  100.00
t=  56000 -682.91 -680.92 -677.41 -672.86 -648.51    0.00   -682.91   -14200.00  100.00
t=  56500 -682.77 -680.77 -677.24 -672.69 -648.29    0.00   -682.77   -14300.00  100.00
t=  57000 -682.62 -680.61 -677.07 -672.51 -648.07    0.00   -682.62   -14400.00  100.00
t=  57500 -682.48 -680.46 -676.91 -672.34 -647.86    0.00   -682.48   -14500.00  100.00
t=  58000 -682.33 -680.30 -676.74 -672.17 -647.65    0.00   -682.33   -14600.00  100.00
t=  58500 -682.19 -680.15 -676.58 -671.99 -647.43    0.00   -682.19   -14700.00  100.00
t=  59000 -682.05 -680.00 -676.41 -671.82 -647.22    0.00   -682.05   -14700.00  100.00
t=  59500 -682.06 -680.05 -676.44 -671.84 -647.25    0.00   -682.06   -14700.00  100.00
Run time: 401.633777

